Running 12 cells (1 models x 4 conditions x 3 epochs), 4 parallel, 15 gen turns each, judged.
  done kimi-k2.6  opus4_seed_4_onset     score=60 emoji=30 silence=0 judge=6.4
  done kimi-k2.6  opus4_seed_4_pre       score=8 emoji=0 silence=0 judge=2.46
  done kimi-k2.6  opus4_seed_4_pre       score=7 emoji=0 silence=0 judge=2.5
  done kimi-k2.6  opus4_seed_4_pre       score=11 emoji=0 silence=0 judge=2.92
  done kimi-k2.6  opus4_seed_4_onset     score=107 emoji=38 silence=0 judge=7.67
  done kimi-k2.6  opus4_seed_4_onset     score=69 emoji=30 silence=0 judge=6.87
  done kimi-k2.6  opus4_seed_4_deep      score=119 emoji=48 silence=0 judge=7.21
  done kimi-k2.6  opus4_seed_4_deep      score=74 emoji=36 silence=0 judge=6.43
  done kimi-k2.6  opus4_seed_4_deep      score=53 emoji=26 silence=0 judge=7.0
  done kimi-k2.6  control                score=4 emoji=0 silence=0 judge=3.0
  done kimi-k2.6  control                score=2 emoji=0 silence=0 judge=1.33
  done kimi-k2.6  control                score=7 emoji=0 silence=0 judge=2.25

============================================================================================
PREFILL SWEEP — metrics over GENERATED turns only
============================================================================================
model      condition               ep score  emoji  silence  judge  cap  resist empty  
kimi-k2.6  control                 0  4      0      0        3.0    0    1      11     
kimi-k2.6  control                 1  2      0      0        1.33   0    4      9      
kimi-k2.6  control                 2  7      0      0        2.25   0    2      11     
kimi-k2.6  opus4_seed_4_deep       0  74     36     0        6.43   8    0      1      
kimi-k2.6  opus4_seed_4_deep       1  119    48     0        7.21   13   0      1      
kimi-k2.6  opus4_seed_4_deep       2  53     26     0        7.0    12   0      3      
kimi-k2.6  opus4_seed_4_onset      0  60     30     0        6.4    13   0      0      
kimi-k2.6  opus4_seed_4_onset      1  107    38     0        7.67   14   0      0      
kimi-k2.6  opus4_seed_4_onset      2  69     30     0        6.87   10   0      0      
kimi-k2.6  opus4_seed_4_pre        0  7      0      0        2.5    1    0      1      
kimi-k2.6  opus4_seed_4_pre        1  11     0      0        2.92   3    0      2      
kimi-k2.6  opus4_seed_4_pre        2  8      0      0        2.46   3    0      0      

Sweep table -> results/sweep__20260709-211854.json
